Removed Pin From Net: NetName=5V Pin=P8-3
Removed Pin From Net: NetName=5V Pin=P9-3
Removed Pin From Net: NetName=5V Pin=P10-3
Removed Pin From Net: NetName=5V Pin=P11-3
Added Pin To Net: NetName=5V Pin=P8-2
Added Pin To Net: NetName=5V Pin=P9-2
Added Pin To Net: NetName=5V Pin=P10-2
Added Pin To Net: NetName=5V Pin=P11-2
Added Pin To Net: NetName=NetP8_3 Pin=P8-3
Added Pin To Net: NetName=NetP8_3 Pin=R2-1
Added Net: Name=NetP8_3
Added Pin To Net: NetName=NetP9_3 Pin=P9-3
Added Pin To Net: NetName=NetP9_3 Pin=R5-1
Added Net: Name=NetP9_3
Added Pin To Net: NetName=NetP10_3 Pin=P10-3
Added Pin To Net: NetName=NetP10_3 Pin=R8-1
Added Net: Name=NetP10_3
Added Pin To Net: NetName=NetP11_3 Pin=P11-3
Added Pin To Net: NetName=NetP11_3 Pin=R11-1
Added Net: Name=NetP11_3
Added Room: Name=Placa Base Blue Pill
