Removed Pin From Net: NetName=IN4_2 Pin=*1-9
Removed Pin From Net: NetName=IN4_1 Pin=*1-10
Removed Pin From Net: NetName=IN3_2 Pin=*1-11
Removed Pin From Net: NetName=IN3_1 Pin=*1-12
Removed Pin From Net: NetName=D04 Pin=*1-33
Removed Pin From Net: NetName=D03 Pin=*1-34
Removed Pin From Net: NetName=D02 Pin=*1-35
Removed Pin From Net: NetName=D01 Pin=*1-36
Removed Pin From Net: NetName=IN2_2 Pin=*1-41
Removed Pin From Net: NetName=IN2_1 Pin=*1-42
Removed Pin From Net: NetName=IN1_2 Pin=*1-43
Removed Pin From Net: NetName=IN1_1 Pin=*1-44
Added Pin To Net: NetName=D04 Pin=*1-28
Added Pin To Net: NetName=D03 Pin=*1-29
Added Pin To Net: NetName=D02 Pin=*1-30
Added Pin To Net: NetName=D01 Pin=*1-31
Added Pin To Net: NetName=IN3_1 Pin=*1-33
Added Pin To Net: NetName=IN3_2 Pin=*1-34
Added Pin To Net: NetName=IN4_2 Pin=*1-35
Added Pin To Net: NetName=IN4_1 Pin=*1-36
Added Pin To Net: NetName=IN1_1 Pin=*1-41
Added Pin To Net: NetName=IN1_2 Pin=*1-42
Added Pin To Net: NetName=IN2_2 Pin=*1-43
Added Pin To Net: NetName=IN2_1 Pin=*1-44
Added Pin To Net: NetName=Net*1_5 Pin=*1-5
Added Pin To Net: NetName=Net*1_5 Pin=P7-2
Added Net: Name=Net*1_5
Added Pin To Net: NetName=Net*1_6 Pin=*1-6
Added Pin To Net: NetName=Net*1_6 Pin=P7-3
Added Net: Name=Net*1_6
Added Room: Name=Placa Base Blue Pill
