Added Component: Designator=*(STM32 BluePill)
Add component. Clean all parameters for all variants
Added Pin To Net: NetName=GND Pin=*-1
Added Pin To Net: NetName=GND Pin=*-2
Added Pin To Net: NetName=3V3 Pin=*-3
Added Pin To Net: NetName=GND Pin=*-21
Added Pin To Net: NetName=3V3 Pin=*-25
Added Pin To Net: NetName=GND Pin=*-26
Added Pin To Net: NetName=GND Pin=P1-3
Added Pin To Net: NetName=3V3 Pin=P1-4
Added Pin To Net: NetName=GND Pin=P2-3
Added Pin To Net: NetName=3V3 Pin=P2-4
Added Pin To Net: NetName=GND Pin=P3-3
Added Pin To Net: NetName=3V3 Pin=P3-4
Added Pin To Net: NetName=GND Pin=P4-3
Added Pin To Net: NetName=3V3 Pin=P4-4
Added Pin To Net: NetName=GND Pin=P5-7
Added Pin To Net: NetName=GND Pin=P6-7
Added Pin To Net: NetName=D01 Pin=P1-2
Added Net: Name=D01
Added Pin To Net: NetName=D02 Pin=P2-2
Added Net: Name=D02
Added Pin To Net: NetName=D03 Pin=P3-2
Added Net: Name=D03
Added Pin To Net: NetName=D04 Pin=P4-2
Added Net: Name=D04
Added Pin To Net: NetName=IN1_1 Pin=*-44
Added Pin To Net: NetName=IN1_1 Pin=P5-2
Added Net: Name=IN1_1
Added Pin To Net: NetName=IN1_2 Pin=*-12
Added Pin To Net: NetName=IN1_2 Pin=P6-2
Added Net: Name=IN1_2
Added Pin To Net: NetName=IN2_1 Pin=*-43
Added Pin To Net: NetName=IN2_1 Pin=P5-3
Added Net: Name=IN2_1
Added Pin To Net: NetName=IN2_2 Pin=*-11
Added Pin To Net: NetName=IN2_2 Pin=P6-3
Added Net: Name=IN2_2
Added Pin To Net: NetName=IN3_1 Pin=*-42
Added Pin To Net: NetName=IN3_1 Pin=P5-4
Added Net: Name=IN3_1
Added Pin To Net: NetName=IN3_2 Pin=*-10
Added Pin To Net: NetName=IN3_2 Pin=P6-4
Added Net: Name=IN3_2
Added Pin To Net: NetName=IN4_1 Pin=*-41
Added Pin To Net: NetName=IN4_1 Pin=P5-5
Added Net: Name=IN4_1
Added Pin To Net: NetName=IN4_2 Pin=*-9
Added Pin To Net: NetName=IN4_2 Pin=P6-5
Added Net: Name=IN4_2
Added Pin To Net: NetName=PWM1 Pin=*-40
Added Pin To Net: NetName=PWM1 Pin=P5-1
Added Net: Name=PWM1
Added Pin To Net: NetName=PWM2 Pin=*-39
Added Pin To Net: NetName=PWM2 Pin=P5-6
Added Net: Name=PWM2
Added Pin To Net: NetName=PWM3 Pin=*-38
Added Pin To Net: NetName=PWM3 Pin=P6-1
Added Net: Name=PWM3
Added Pin To Net: NetName=PWM4 Pin=*-37
Added Pin To Net: NetName=PWM4 Pin=P6-6
Added Net: Name=PWM4
Added Member To Class: ClassName=Placa Base Blue Pill Member=Component * STM32 BluePill
Added Room: Name=Placa Base Blue Pill
