Removed Pin From Net: NetName=IN3_2 Pin=*1-10
Removed Pin From Net: NetName=IN2_2 Pin=*1-11
Removed Pin From Net: NetName=IN1_2 Pin=*1-12
Removed Pin From Net: NetName=IN4_1 Pin=*1-41
Removed Pin From Net: NetName=IN3_1 Pin=*1-42
Removed Pin From Net: NetName=IN2_1 Pin=*1-43
Removed Pin From Net: NetName=PWM1 Pin=P5-1
Removed Pin From Net: NetName=IN1_1 Pin=P5-2
Removed Pin From Net: NetName=IN2_1 Pin=P5-3
Removed Pin From Net: NetName=IN3_1 Pin=P5-4
Removed Pin From Net: NetName=IN4_1 Pin=P5-5
Removed Pin From Net: NetName=PWM2 Pin=P5-6
Removed Pin From Net: NetName=GND Pin=P5-7
Removed Pin From Net: NetName=PWM3 Pin=P6-1
Removed Pin From Net: NetName=IN1_2 Pin=P6-2
Removed Pin From Net: NetName=IN2_2 Pin=P6-3
Removed Pin From Net: NetName=IN3_2 Pin=P6-4
Removed Pin From Net: NetName=IN4_2 Pin=P6-5
Removed Pin From Net: NetName=PWM4 Pin=P6-6
Removed Pin From Net: NetName=GND Pin=P6-7
Change Component Footprint: Designator=P5 Old Footprint=1x07 New Footprint=2x05 header
Change Component Footprint: Designator=P6 Old Footprint=1x07 New Footprint=2x05 header
Change Component Comment : Designator=P5 Old Comment=Header 7 New Comment=Header 5x2
Change Component Comment : Designator=P6 Old Comment=Header 7 New Comment=Header 5x2
Added Component: Designator=C3(CAP - LENTEJA)
Add component. Clean all parameters for all variants
Add component (AddParameter): Name = "Value"; Value = "100nF"; VariantName = "[No Variations]"
Added Component: Designator=C4(CAP - LENTEJA)
Add component. Clean all parameters for all variants
Add component (AddParameter): Name = "Value"; Value = "100nF"; VariantName = "[No Variations]"
Added Component: Designator=C5(CAP - LENTEJA)
Add component. Clean all parameters for all variants
Add component (AddParameter): Name = "Value"; Value = "100nF"; VariantName = "[No Variations]"
Added Component: Designator=C6(CAP - LENTEJA)
Add component. Clean all parameters for all variants
Add component (AddParameter): Name = "Value"; Value = "100nF"; VariantName = "[No Variations]"
Added Component: Designator=C7(CAP - LENTEJA)
Add component. Clean all parameters for all variants
Add component (AddParameter): Name = "Value"; Value = "100nF"; VariantName = "[No Variations]"
Added Component: Designator=C8(CAP - LENTEJA)
Add component. Clean all parameters for all variants
Add component (AddParameter): Name = "Value"; Value = "100nF"; VariantName = "[No Variations]"
Added Component: Designator=C9(CAP - LENTEJA)
Add component. Clean all parameters for all variants
Add component (AddParameter): Name = "Value"; Value = "100nF"; VariantName = "[No Variations]"
Added Component: Designator=C10(CAP - LENTEJA)
Add component. Clean all parameters for all variants
Add component (AddParameter): Name = "Value"; Value = "100nF"; VariantName = "[No Variations]"
Added Component: Designator=J1(DIP825W47P254L1917H533Q14)
Add component. Clean all parameters for all variants
Add component (AddParameter): Name = "Availability"; Value = "Unavailable"; VariantName = "[No Variations]"
Add component (AddParameter): Name = "MF"; Value = "{'manufacturer': u'Texas Instruments'}"; VariantName = "[No Variations]"
Add component (AddParameter): Name = "MP"; Value = "LM324N/NOPB"; VariantName = "[No Variations]"
Add component (AddParameter): Name = "Package"; Value = "None"; VariantName = "[No Variations]"
Add component (AddParameter): Name = "Price"; Value = "None"; VariantName = "[No Variations]"
Add component (AddParameter): Name = "Value"; Value = ""; VariantName = "[No Variations]"
Added Component: Designator=R1(RES 1/4)
Add component. Clean all parameters for all variants
Add component (AddParameter): Name = "Value"; Value = "1k"; VariantName = "[No Variations]"
Added Component: Designator=R2(RES 1/4)
Add component. Clean all parameters for all variants
Add component (AddParameter): Name = "Value"; Value = "1k"; VariantName = "[No Variations]"
Added Component: Designator=R3(RES 1/4)
Add component. Clean all parameters for all variants
Add component (AddParameter): Name = "Value"; Value = "1k"; VariantName = "[No Variations]"
Added Component: Designator=R4(RES 1/4)
Add component. Clean all parameters for all variants
Add component (AddParameter): Name = "Value"; Value = "1k"; VariantName = "[No Variations]"
Added Component: Designator=R5(RES 1/4)
Add component. Clean all parameters for all variants
Add component (AddParameter): Name = "Value"; Value = "1k"; VariantName = "[No Variations]"
Added Component: Designator=R6(RES 1/4)
Add component. Clean all parameters for all variants
Add component (AddParameter): Name = "Value"; Value = "1k"; VariantName = "[No Variations]"
Added Component: Designator=R7(RES 1/4)
Add component. Clean all parameters for all variants
Add component (AddParameter): Name = "Value"; Value = "1k"; VariantName = "[No Variations]"
Added Component: Designator=R8(RES 1/4)
Add component. Clean all parameters for all variants
Add component (AddParameter): Name = "Value"; Value = "1k"; VariantName = "[No Variations]"
Added Component: Designator=R9(RES 1/4)
Add component. Clean all parameters for all variants
Add component (AddParameter): Name = "Value"; Value = "1k"; VariantName = "[No Variations]"
Added Component: Designator=R10(RES 1/4)
Add component. Clean all parameters for all variants
Add component (AddParameter): Name = "Value"; Value = "1k"; VariantName = "[No Variations]"
Added Component: Designator=R11(RES 1/4)
Add component. Clean all parameters for all variants
Add component (AddParameter): Name = "Value"; Value = "1k"; VariantName = "[No Variations]"
Added Component: Designator=R12(RES 1/4)
Add component. Clean all parameters for all variants
Add component (AddParameter): Name = "Value"; Value = "1k"; VariantName = "[No Variations]"
Added Pin To Net: NetName=IN4_1 Pin=*1-10
Added Pin To Net: NetName=IN3_2 Pin=*1-11
Added Pin To Net: NetName=IN3_1 Pin=*1-12
Added Pin To Net: NetName=IN2_2 Pin=*1-41
Added Pin To Net: NetName=IN2_1 Pin=*1-42
Added Pin To Net: NetName=IN1_2 Pin=*1-43
Added Pin To Net: NetName=GND Pin=C4-1
Added Pin To Net: NetName=GND Pin=C6-1
Added Pin To Net: NetName=GND Pin=C8-1
Added Pin To Net: NetName=GND Pin=C10-1
Added Pin To Net: NetName=GND Pin=J1-3
Added Pin To Net: NetName=GND Pin=J1-5
Added Pin To Net: NetName=GND Pin=J1-10
Added Pin To Net: NetName=GND Pin=J1-11
Added Pin To Net: NetName=GND Pin=J1-12
Added Pin To Net: NetName=PWM1 Pin=P5-3
Added Pin To Net: NetName=PWM2 Pin=P5-4
Added Pin To Net: NetName=IN1_1 Pin=P5-5
Added Pin To Net: NetName=IN2_1 Pin=P5-6
Added Pin To Net: NetName=IN1_2 Pin=P5-7
Added Pin To Net: NetName=IN2_2 Pin=P5-8
Added Pin To Net: NetName=GND Pin=P5-9
Added Pin To Net: NetName=GND Pin=P5-10
Added Pin To Net: NetName=PWM3 Pin=P6-3
Added Pin To Net: NetName=PWM4 Pin=P6-4
Added Pin To Net: NetName=IN3_1 Pin=P6-5
Added Pin To Net: NetName=IN4_1 Pin=P6-6
Added Pin To Net: NetName=IN3_2 Pin=P6-7
Added Pin To Net: NetName=IN4_2 Pin=P6-8
Added Pin To Net: NetName=GND Pin=P6-9
Added Pin To Net: NetName=GND Pin=P6-10
Added Pin To Net: NetName=5V Pin=J1-4
Added Pin To Net: NetName=5V Pin=P5-1
Added Pin To Net: NetName=5V Pin=P5-2
Added Pin To Net: NetName=5V Pin=P6-1
Added Pin To Net: NetName=5V Pin=P6-2
Added Net: Name=5V
Added Pin To Net: NetName=NetC3_1 Pin=C3-1
Added Pin To Net: NetName=NetC3_1 Pin=J1-2
Added Pin To Net: NetName=NetC3_1 Pin=R1-1
Added Pin To Net: NetName=NetC3_1 Pin=R3-2
Added Net: Name=NetC3_1
Added Pin To Net: NetName=NetC3_2 Pin=C3-2
Added Pin To Net: NetName=NetC3_2 Pin=J1-1
Added Pin To Net: NetName=NetC3_2 Pin=R1-2
Added Net: Name=NetC3_2
Added Pin To Net: NetName=NetC4_2 Pin=C4-2
Added Pin To Net: NetName=NetC4_2 Pin=R2-2
Added Pin To Net: NetName=NetC4_2 Pin=R3-1
Added Net: Name=NetC4_2
Added Pin To Net: NetName=NetC5_1 Pin=C5-1
Added Pin To Net: NetName=NetC5_1 Pin=J1-6
Added Pin To Net: NetName=NetC5_1 Pin=R4-1
Added Pin To Net: NetName=NetC5_1 Pin=R6-2
Added Net: Name=NetC5_1
Added Pin To Net: NetName=NetC5_2 Pin=C5-2
Added Pin To Net: NetName=NetC5_2 Pin=J1-7
Added Pin To Net: NetName=NetC5_2 Pin=R4-2
Added Net: Name=NetC5_2
Added Pin To Net: NetName=NetC6_2 Pin=C6-2
Added Pin To Net: NetName=NetC6_2 Pin=R5-2
Added Pin To Net: NetName=NetC6_2 Pin=R6-1
Added Net: Name=NetC6_2
Added Pin To Net: NetName=NetC7_1 Pin=C7-1
Added Pin To Net: NetName=NetC7_1 Pin=J1-9
Added Pin To Net: NetName=NetC7_1 Pin=R7-1
Added Pin To Net: NetName=NetC7_1 Pin=R9-2
Added Net: Name=NetC7_1
Added Pin To Net: NetName=NetC7_2 Pin=C7-2
Added Pin To Net: NetName=NetC7_2 Pin=J1-8
Added Pin To Net: NetName=NetC7_2 Pin=R7-2
Added Net: Name=NetC7_2
Added Pin To Net: NetName=NetC8_2 Pin=C8-2
Added Pin To Net: NetName=NetC8_2 Pin=R8-2
Added Pin To Net: NetName=NetC8_2 Pin=R9-1
Added Net: Name=NetC8_2
Added Pin To Net: NetName=NetC9_1 Pin=C9-1
Added Pin To Net: NetName=NetC9_1 Pin=J1-13
Added Pin To Net: NetName=NetC9_1 Pin=R10-1
Added Pin To Net: NetName=NetC9_1 Pin=R12-2
Added Net: Name=NetC9_1
Added Pin To Net: NetName=NetC9_2 Pin=C9-2
Added Pin To Net: NetName=NetC9_2 Pin=J1-14
Added Pin To Net: NetName=NetC9_2 Pin=R10-2
Added Net: Name=NetC9_2
Added Pin To Net: NetName=NetC10_2 Pin=C10-2
Added Pin To Net: NetName=NetC10_2 Pin=R11-2
Added Pin To Net: NetName=NetC10_2 Pin=R12-1
Added Net: Name=NetC10_2
Added Member To Class: ClassName=Placa Base Blue Pill Member=Component C3 Cap
Added Member To Class: ClassName=Placa Base Blue Pill Member=Component C4 Cap
Added Member To Class: ClassName=Placa Base Blue Pill Member=Component C5 Cap
Added Member To Class: ClassName=Placa Base Blue Pill Member=Component C6 Cap
Added Member To Class: ClassName=Placa Base Blue Pill Member=Component C7 Cap
Added Member To Class: ClassName=Placa Base Blue Pill Member=Component C8 Cap
Added Member To Class: ClassName=Placa Base Blue Pill Member=Component C9 Cap
Added Member To Class: ClassName=Placa Base Blue Pill Member=Component C10 Cap
Added Member To Class: ClassName=Placa Base Blue Pill Member=Component J1 LM324N/NOPB
Added Member To Class: ClassName=Placa Base Blue Pill Member=Component R1 1k
Added Member To Class: ClassName=Placa Base Blue Pill Member=Component R2 1k
Added Member To Class: ClassName=Placa Base Blue Pill Member=Component R3 1k
Added Member To Class: ClassName=Placa Base Blue Pill Member=Component R4 1k
Added Member To Class: ClassName=Placa Base Blue Pill Member=Component R5 1k
Added Member To Class: ClassName=Placa Base Blue Pill Member=Component R6 1k
Added Member To Class: ClassName=Placa Base Blue Pill Member=Component R7 1k
Added Member To Class: ClassName=Placa Base Blue Pill Member=Component R8 1k
Added Member To Class: ClassName=Placa Base Blue Pill Member=Component R9 1k
Added Member To Class: ClassName=Placa Base Blue Pill Member=Component R10 1k
Added Member To Class: ClassName=Placa Base Blue Pill Member=Component R11 1k
Added Member To Class: ClassName=Placa Base Blue Pill Member=Component R12 1k
Added Room: Name=Placa Base Blue Pill
