Added Component: Designator=C1(CAPRADIAL 6.3X11 - 10u)
Add component. Clean all parameters for all variants
Add component (AddParameter): Name = "Value"; Value = "10uF"; VariantName = "[No Variations]"
Added Component: Designator=C2(CAPRADIAL 6.3X11 - 10u)
Add component. Clean all parameters for all variants
Add component (AddParameter): Name = "Value"; Value = "10uF"; VariantName = "[No Variations]"
Added Component: Designator=Con1(BORNE 2P)
Add component. Clean all parameters for all variants
Added Component: Designator=D1(DO-214AC)
Add component. Clean all parameters for all variants
Added Component: Designator=P1(1X04)
Add component. Clean all parameters for all variants
Add component (AddParameter): Name = "LatestRevisionDate"; Value = "17-Jul-2002"; VariantName = "[No Variations]"
Add component (AddParameter): Name = "LatestRevisionNote"; Value = "Re-released for DXP Platform."; VariantName = "[No Variations]"
Add component (AddParameter): Name = "Publisher"; Value = "Altium Limited"; VariantName = "[No Variations]"
Added Component: Designator=P2(1X04)
Add component. Clean all parameters for all variants
Add component (AddParameter): Name = "LatestRevisionDate"; Value = "17-Jul-2002"; VariantName = "[No Variations]"
Add component (AddParameter): Name = "LatestRevisionNote"; Value = "Re-released for DXP Platform."; VariantName = "[No Variations]"
Add component (AddParameter): Name = "Publisher"; Value = "Altium Limited"; VariantName = "[No Variations]"
Added Component: Designator=P3(1X04)
Add component. Clean all parameters for all variants
Add component (AddParameter): Name = "LatestRevisionDate"; Value = "17-Jul-2002"; VariantName = "[No Variations]"
Add component (AddParameter): Name = "LatestRevisionNote"; Value = "Re-released for DXP Platform."; VariantName = "[No Variations]"
Add component (AddParameter): Name = "Publisher"; Value = "Altium Limited"; VariantName = "[No Variations]"
Added Component: Designator=P4(1X04)
Add component. Clean all parameters for all variants
Add component (AddParameter): Name = "LatestRevisionDate"; Value = "17-Jul-2002"; VariantName = "[No Variations]"
Add component (AddParameter): Name = "LatestRevisionNote"; Value = "Re-released for DXP Platform."; VariantName = "[No Variations]"
Add component (AddParameter): Name = "Publisher"; Value = "Altium Limited"; VariantName = "[No Variations]"
Added Component: Designator=P5(1x07)
Add component. Clean all parameters for all variants
Added Component: Designator=P6(1x07)
Add component. Clean all parameters for all variants
Added Component: Designator=U1(SOT229P700X180-4N)
Add component. Clean all parameters for all variants
Add component (AddParameter): Name = "Availability"; Value = "Unavailable"; VariantName = "[No Variations]"
Add component (AddParameter): Name = "MF"; Value = "{'manufacturer': u'NEC'}"; VariantName = "[No Variations]"
Add component (AddParameter): Name = "MP"; Value = "AMS1117-3.3"; VariantName = "[No Variations]"
Add component (AddParameter): Name = "Package"; Value = "None"; VariantName = "[No Variations]"
Add component (AddParameter): Name = "Price"; Value = "None"; VariantName = "[No Variations]"
Add component (AddParameter): Name = "Value"; Value = ""; VariantName = "[No Variations]"
Added Component: Designator=U2(MODULE_904)
Add component. Clean all parameters for all variants
Add component (AddParameter): Name = "Availability"; Value = "Unavailable"; VariantName = "[No Variations]"
Add component (AddParameter): Name = "MF"; Value = "{'manufacturer': u'Adafruit Industries'}"; VariantName = "[No Variations]"
Add component (AddParameter): Name = "MP"; Value = "904"; VariantName = "[No Variations]"
Add component (AddParameter): Name = "Package"; Value = "None"; VariantName = "[No Variations]"
Add component (AddParameter): Name = "Price"; Value = "None"; VariantName = "[No Variations]"
Add component (AddParameter): Name = "Value"; Value = ""; VariantName = "[No Variations]"
Added Component: Designator=U3(MODULE_904)
Add component. Clean all parameters for all variants
Add component (AddParameter): Name = "Availability"; Value = "Unavailable"; VariantName = "[No Variations]"
Add component (AddParameter): Name = "MF"; Value = "{'manufacturer': u'Adafruit Industries'}"; VariantName = "[No Variations]"
Add component (AddParameter): Name = "MP"; Value = "904"; VariantName = "[No Variations]"
Add component (AddParameter): Name = "Package"; Value = "None"; VariantName = "[No Variations]"
Add component (AddParameter): Name = "Price"; Value = "None"; VariantName = "[No Variations]"
Add component (AddParameter): Name = "Value"; Value = ""; VariantName = "[No Variations]"
Added Component: Designator=U4(MODULE_904)
Add component. Clean all parameters for all variants
Add component (AddParameter): Name = "Availability"; Value = "Unavailable"; VariantName = "[No Variations]"
Add component (AddParameter): Name = "MF"; Value = "{'manufacturer': u'Adafruit Industries'}"; VariantName = "[No Variations]"
Add component (AddParameter): Name = "MP"; Value = "904"; VariantName = "[No Variations]"
Add component (AddParameter): Name = "Package"; Value = "None"; VariantName = "[No Variations]"
Add component (AddParameter): Name = "Price"; Value = "None"; VariantName = "[No Variations]"
Add component (AddParameter): Name = "Value"; Value = ""; VariantName = "[No Variations]"
Added Component: Designator=U5(MODULE_904)
Add component. Clean all parameters for all variants
Add component (AddParameter): Name = "Availability"; Value = "Unavailable"; VariantName = "[No Variations]"
Add component (AddParameter): Name = "MF"; Value = "{'manufacturer': u'Adafruit Industries'}"; VariantName = "[No Variations]"
Add component (AddParameter): Name = "MP"; Value = "904"; VariantName = "[No Variations]"
Add component (AddParameter): Name = "Package"; Value = "None"; VariantName = "[No Variations]"
Add component (AddParameter): Name = "Price"; Value = "None"; VariantName = "[No Variations]"
Add component (AddParameter): Name = "Value"; Value = ""; VariantName = "[No Variations]"
Added Pin To Net: NetName=3V3 Pin=C2-1
Added Pin To Net: NetName=3V3 Pin=U1-2
Added Pin To Net: NetName=3V3 Pin=U2-1
Added Pin To Net: NetName=3V3 Pin=U3-1
Added Pin To Net: NetName=3V3 Pin=U4-1
Added Pin To Net: NetName=3V3 Pin=U5-1
Added Net: Name=3V3
Added Pin To Net: NetName=GND Pin=C1-2
Added Pin To Net: NetName=GND Pin=C2-2
Added Pin To Net: NetName=GND Pin=Con1-2
Added Pin To Net: NetName=GND Pin=U1-1
Added Pin To Net: NetName=GND Pin=U2-2
Added Pin To Net: NetName=GND Pin=U3-2
Added Pin To Net: NetName=GND Pin=U4-2
Added Pin To Net: NetName=GND Pin=U5-2
Added Net: Name=GND
Added Pin To Net: NetName=NetC1_1 Pin=C1-1
Added Pin To Net: NetName=NetC1_1 Pin=D1-K
Added Pin To Net: NetName=NetC1_1 Pin=U1-3
Added Net: Name=NetC1_1
Added Pin To Net: NetName=NetCon1_1 Pin=Con1-1
Added Pin To Net: NetName=NetCon1_1 Pin=D1-A
Added Net: Name=NetCon1_1
Added Pin To Net: NetName=SCL Pin=U2-3
Added Pin To Net: NetName=SCL Pin=U3-3
Added Pin To Net: NetName=SCL Pin=U4-3
Added Pin To Net: NetName=SCL Pin=U5-3
Added Net: Name=SCL
Added Pin To Net: NetName=SDA Pin=U2-4
Added Pin To Net: NetName=SDA Pin=U3-4
Added Pin To Net: NetName=SDA Pin=U4-4
Added Pin To Net: NetName=SDA Pin=U5-4
Added Net: Name=SDA
Added Member To Class: ClassName=Placa Base Blue Pill Member=Component C1 CAP- ELECT
Added Member To Class: ClassName=Placa Base Blue Pill Member=Component C2 CAP- ELECT
Added Member To Class: ClassName=Placa Base Blue Pill Member=Component Con1 CON2 pin blue
Added Member To Class: ClassName=Placa Base Blue Pill Member=Component D1 1N4007
Added Member To Class: ClassName=Placa Base Blue Pill Member=Component P1 Header 4
Added Member To Class: ClassName=Placa Base Blue Pill Member=Component P2 Header 4
Added Member To Class: ClassName=Placa Base Blue Pill Member=Component P3 Header 4
Added Member To Class: ClassName=Placa Base Blue Pill Member=Component P4 Header 4
Added Member To Class: ClassName=Placa Base Blue Pill Member=Component P5 Header 7
Added Member To Class: ClassName=Placa Base Blue Pill Member=Component P6 Header 7
Added Member To Class: ClassName=Placa Base Blue Pill Member=Component U1 AMS1117-3.3
Added Member To Class: ClassName=Placa Base Blue Pill Member=Component U2 904
Added Member To Class: ClassName=Placa Base Blue Pill Member=Component U3 904
Added Member To Class: ClassName=Placa Base Blue Pill Member=Component U4 904
Added Member To Class: ClassName=Placa Base Blue Pill Member=Component U5 904
