Added Component: Designator=P5(1X04)
Add component (AddParameter): Name = "LatestRevisionDate"; Value = "17-Jul-2002"; VariantName = "[No Variations]"
Add component (AddParameter): Name = "LatestRevisionNote"; Value = "Re-released for DXP Platform."; VariantName = "[No Variations]"
Add component (AddParameter): Name = "Publisher"; Value = "Altium Limited"; VariantName = "[No Variations]"
Added Component: Designator=U3(CONV_BOB-12009)
Add component (AddParameter): Name = "Availability"; Value = "Unavailable"; VariantName = "[No Variations]"
Add component (AddParameter): Name = "MF"; Value = "SparkFun"; VariantName = "[No Variations]"
Add component (AddParameter): Name = "MP"; Value = "BOB-12009"; VariantName = "[No Variations]"
Add component (AddParameter): Name = "Package"; Value = "None"; VariantName = "[No Variations]"
Add component (AddParameter): Name = "Price"; Value = "None"; VariantName = "[No Variations]"
Add component (AddParameter): Name = "SnapEDA_Link"; Value = "https://www.snapeda.com/parts/BOB-12009/SparkFun%20Electronics/view-part/551764/?ref=snap"; VariantName = "[No Variations]"
Add component (AddParameter): Name = "Value"; Value = ""; VariantName = "[No Variations]"
Added Component: Designator=U4(CONV_BOB-12009)
Add component (AddParameter): Name = "Availability"; Value = "Unavailable"; VariantName = "[No Variations]"
Add component (AddParameter): Name = "MF"; Value = "SparkFun"; VariantName = "[No Variations]"
Add component (AddParameter): Name = "MP"; Value = "BOB-12009"; VariantName = "[No Variations]"
Add component (AddParameter): Name = "Package"; Value = "None"; VariantName = "[No Variations]"
Add component (AddParameter): Name = "Price"; Value = "None"; VariantName = "[No Variations]"
Add component (AddParameter): Name = "SnapEDA_Link"; Value = "https://www.snapeda.com/parts/BOB-12009/SparkFun%20Electronics/view-part/551764/?ref=snap"; VariantName = "[No Variations]"
Add component (AddParameter): Name = "Value"; Value = ""; VariantName = "[No Variations]"
Added Component: Designator=U5(CONV_BOB-12009)
Add component (AddParameter): Name = "Availability"; Value = "Unavailable"; VariantName = "[No Variations]"
Add component (AddParameter): Name = "MF"; Value = "SparkFun"; VariantName = "[No Variations]"
Add component (AddParameter): Name = "MP"; Value = "BOB-12009"; VariantName = "[No Variations]"
Add component (AddParameter): Name = "Package"; Value = "None"; VariantName = "[No Variations]"
Add component (AddParameter): Name = "Price"; Value = "None"; VariantName = "[No Variations]"
Add component (AddParameter): Name = "SnapEDA_Link"; Value = "https://www.snapeda.com/parts/BOB-12009/SparkFun%20Electronics/view-part/551764/?ref=snap"; VariantName = "[No Variations]"
Add component (AddParameter): Name = "Value"; Value = ""; VariantName = "[No Variations]"
Added Pin To Net: NetName=3V3 Pin=P5-1
Added Pin To Net: NetName=GND Pin=P5-2
Added Pin To Net: NetName=SCL Pin=P5-3
Added Pin To Net: NetName=SDA Pin=P5-4
Added Pin To Net: NetName=GND Pin=U3-GND_1
Added Pin To Net: NetName=GND Pin=U3-GND_2
Added Pin To Net: NetName=GND Pin=U4-GND_1
Added Pin To Net: NetName=GND Pin=U4-GND_2
Added Pin To Net: NetName=GND Pin=U5-GND_1
Added Pin To Net: NetName=GND Pin=U5-GND_2
Change Net Name : Old Net Name=NetBuck1_IN+ New Net Name=NetD1_K
Added Member To Class: ClassName=Placa Base Blue Pill Member=Component M 1-2 Header 5x2
Added Member To Class: ClassName=Placa Base Blue Pill Member=Component M 3-4 Header 5x2
Added Member To Class: ClassName=Placa Base Blue Pill Member=Component P5 Header 4
Added Member To Class: ClassName=Placa Base Blue Pill Member=Component Step Down DC/DC Step-Down Regulator based on LM2596-ADJ chip    LM2596 datasheet available here: http://www.ti.com/lit/ds/symlink/lm2596.pdf   Click here to find device on ebay.com
Added Member To Class: ClassName=Placa Base Blue Pill Member=Component U3 Conversor de nivel
Added Member To Class: ClassName=Placa Base Blue Pill Member=Component U4 Conversor de nivel
Added Member To Class: ClassName=Placa Base Blue Pill Member=Component U5 Conversor de nivel
Added Room: Name=Placa Base Blue Pill
