Removed Pin From Net: NetName=GND Pin=Con1-2
Removed Pin From Net: NetName=Net*1_30 Pin=P7-1
Removed Pin From Net: NetName=Net*1_31 Pin=P7-2
Removed Pin From Net: NetName=GND Pin=P7-3
Added Component: Designator=Buck1(DC-DC-STEP-DOWN-LM2596)
Add component. Clean all parameters for all variants
Add component (AddParameter): Name = "DeviceName"; Value = ""; VariantName = "[No Variations]"
Add component (AddParameter): Name = "DeviceSetName"; Value = "DC-DC-STEP-DOWN-LM2596"; VariantName = "[No Variations]"
Add component (AddParameter): Name = "GateName_1"; Value = "G$1"; VariantName = "[No Variations]"
Add component (AddParameter): Name = "LibraryName"; Value = "diy-modules (1)"; VariantName = "[No Variations]"
Add component (AddParameter): Name = "Package"; Value = "DC-DC-STEP-DOWN-LM2596"; VariantName = "[No Variations]"
Add component (AddParameter): Name = "SymbolName_1"; Value = "DC-DC-STEP-DOWN-LM2596"; VariantName = "[No Variations]"
Added Component: Designator=P8(1X03)
Add component. Clean all parameters for all variants
Add component (AddParameter): Name = "LatestRevisionDate"; Value = "17-Jul-2002"; VariantName = "[No Variations]"
Add component (AddParameter): Name = "LatestRevisionNote"; Value = "Re-released for DXP Platform."; VariantName = "[No Variations]"
Add component (AddParameter): Name = "Publisher"; Value = "Altium Limited"; VariantName = "[No Variations]"
Added Component: Designator=P9(1X03)
Add component. Clean all parameters for all variants
Add component (AddParameter): Name = "LatestRevisionDate"; Value = "17-Jul-2002"; VariantName = "[No Variations]"
Add component (AddParameter): Name = "LatestRevisionNote"; Value = "Re-released for DXP Platform."; VariantName = "[No Variations]"
Add component (AddParameter): Name = "Publisher"; Value = "Altium Limited"; VariantName = "[No Variations]"
Added Component: Designator=P10(1X03)
Add component. Clean all parameters for all variants
Add component (AddParameter): Name = "LatestRevisionDate"; Value = "17-Jul-2002"; VariantName = "[No Variations]"
Add component (AddParameter): Name = "LatestRevisionNote"; Value = "Re-released for DXP Platform."; VariantName = "[No Variations]"
Add component (AddParameter): Name = "Publisher"; Value = "Altium Limited"; VariantName = "[No Variations]"
Added Component: Designator=P11(1X03)
Add component. Clean all parameters for all variants
Add component (AddParameter): Name = "LatestRevisionDate"; Value = "17-Jul-2002"; VariantName = "[No Variations]"
Add component (AddParameter): Name = "LatestRevisionNote"; Value = "Re-released for DXP Platform."; VariantName = "[No Variations]"
Add component (AddParameter): Name = "Publisher"; Value = "Altium Limited"; VariantName = "[No Variations]"
Added Pin To Net: NetName=5V Pin=Buck1-OUT+
Added Pin To Net: NetName=GND Pin=Buck1-OUT-
Added Pin To Net: NetName=5V Pin=C1-1
Added Pin To Net: NetName=GND Pin=P7-1
Added Pin To Net: NetName=Net*1_30 Pin=P7-2
Added Pin To Net: NetName=Net*1_31 Pin=P7-3
Added Pin To Net: NetName=GND Pin=P8-1
Added Pin To Net: NetName=I1 Pin=P8-2
Added Pin To Net: NetName=5V Pin=P8-3
Added Pin To Net: NetName=GND Pin=P9-1
Added Pin To Net: NetName=I2 Pin=P9-2
Added Pin To Net: NetName=5V Pin=P9-3
Added Pin To Net: NetName=GND Pin=P10-1
Added Pin To Net: NetName=I3 Pin=P10-2
Added Pin To Net: NetName=5V Pin=P10-3
Added Pin To Net: NetName=GND Pin=P11-1
Added Pin To Net: NetName=I4 Pin=P11-2
Added Pin To Net: NetName=5V Pin=P11-3
Added Pin To Net: NetName=5V Pin=U1-3
Added Pin To Net: NetName=NetBuck1_IN+ Pin=Buck1-IN+
Added Pin To Net: NetName=NetBuck1_IN+ Pin=D1-K
Added Net: Name=NetBuck1_IN+
Added Pin To Net: NetName=NetBuck1_IN- Pin=Buck1-IN-
Added Pin To Net: NetName=NetBuck1_IN- Pin=Con1-2
Added Net: Name=NetBuck1_IN-
Added Member To Class: ClassName=Placa Base Blue Pill Member=Component Buck1 DC/DC Step-Down Regulator based on LM2596-ADJ chip    LM2596 datasheet available here: http://www.ti.com/lit/ds/symlink/lm2596.pdf   Click here to find device on ebay.com
Added Member To Class: ClassName=Placa Base Blue Pill Member=Component P8 Header 3
Added Member To Class: ClassName=Placa Base Blue Pill Member=Component P9 Header 3
Added Member To Class: ClassName=Placa Base Blue Pill Member=Component P10 Header 3
Added Member To Class: ClassName=Placa Base Blue Pill Member=Component P11 Header 3
Added Room: Name=Placa Base Blue Pill
