Removed Pin From Net: NetName=PWM1 Pin=P5-3
Removed Pin From Net: NetName=PWM2 Pin=P5-4
Removed Pin From Net: NetName=IN1_1 Pin=P5-5
Removed Pin From Net: NetName=IN2_1 Pin=P5-6
Removed Pin From Net: NetName=IN1_2 Pin=P5-7
Removed Pin From Net: NetName=IN2_2 Pin=P5-8
Removed Pin From Net: NetName=PWM3 Pin=P6-3
Removed Pin From Net: NetName=PWM4 Pin=P6-4
Removed Pin From Net: NetName=IN3_1 Pin=P6-5
Removed Pin From Net: NetName=IN4_1 Pin=P6-6
Removed Pin From Net: NetName=IN3_2 Pin=P6-7
Removed Pin From Net: NetName=IN4_2 Pin=P6-8
Added Component: Designator=P7(1X04)
Add component (AddParameter): Name = "LatestRevisionDate"; Value = "17-Jul-2002"; VariantName = "[No Variations]"
Add component (AddParameter): Name = "LatestRevisionNote"; Value = "Re-released for DXP Platform."; VariantName = "[No Variations]"
Add component (AddParameter): Name = "Publisher"; Value = "Altium Limited"; VariantName = "[No Variations]"
Added Component: Designator=P8(1X04)
Add component (AddParameter): Name = "LatestRevisionDate"; Value = "17-Jul-2002"; VariantName = "[No Variations]"
Add component (AddParameter): Name = "LatestRevisionNote"; Value = "Re-released for DXP Platform."; VariantName = "[No Variations]"
Add component (AddParameter): Name = "Publisher"; Value = "Altium Limited"; VariantName = "[No Variations]"
Added Component: Designator=P9(1X04)
Add component (AddParameter): Name = "LatestRevisionDate"; Value = "17-Jul-2002"; VariantName = "[No Variations]"
Add component (AddParameter): Name = "LatestRevisionNote"; Value = "Re-released for DXP Platform."; VariantName = "[No Variations]"
Add component (AddParameter): Name = "Publisher"; Value = "Altium Limited"; VariantName = "[No Variations]"
Added Component: Designator=P10(1X04)
Add component (AddParameter): Name = "LatestRevisionDate"; Value = "17-Jul-2002"; VariantName = "[No Variations]"
Add component (AddParameter): Name = "LatestRevisionNote"; Value = "Re-released for DXP Platform."; VariantName = "[No Variations]"
Add component (AddParameter): Name = "Publisher"; Value = "Altium Limited"; VariantName = "[No Variations]"
Added Component: Designator=U3(CONV_BOB-12009)
Add component (AddParameter): Name = "Availability"; Value = "Unavailable"; VariantName = "[No Variations]"
Add component (AddParameter): Name = "MF"; Value = "SparkFun"; VariantName = "[No Variations]"
Add component (AddParameter): Name = "MP"; Value = "BOB-12009"; VariantName = "[No Variations]"
Add component (AddParameter): Name = "Package"; Value = "None"; VariantName = "[No Variations]"
Add component (AddParameter): Name = "Price"; Value = "None"; VariantName = "[No Variations]"
Add component (AddParameter): Name = "SnapEDA_Link"; Value = "https://www.snapeda.com/parts/BOB-12009/SparkFun%20Electronics/view-part/551764/?ref=snap"; VariantName = "[No Variations]"
Add component (AddParameter): Name = "Value"; Value = ""; VariantName = "[No Variations]"
Added Component: Designator=U4(CONV_BOB-12009)
Add component (AddParameter): Name = "Availability"; Value = "Unavailable"; VariantName = "[No Variations]"
Add component (AddParameter): Name = "MF"; Value = "SparkFun"; VariantName = "[No Variations]"
Add component (AddParameter): Name = "MP"; Value = "BOB-12009"; VariantName = "[No Variations]"
Add component (AddParameter): Name = "Package"; Value = "None"; VariantName = "[No Variations]"
Add component (AddParameter): Name = "Price"; Value = "None"; VariantName = "[No Variations]"
Add component (AddParameter): Name = "SnapEDA_Link"; Value = "https://www.snapeda.com/parts/BOB-12009/SparkFun%20Electronics/view-part/551764/?ref=snap"; VariantName = "[No Variations]"
Add component (AddParameter): Name = "Value"; Value = ""; VariantName = "[No Variations]"
Added Component: Designator=U5(CONV_BOB-12009)
Add component (AddParameter): Name = "Availability"; Value = "Unavailable"; VariantName = "[No Variations]"
Add component (AddParameter): Name = "MF"; Value = "SparkFun"; VariantName = "[No Variations]"
Add component (AddParameter): Name = "MP"; Value = "BOB-12009"; VariantName = "[No Variations]"
Add component (AddParameter): Name = "Package"; Value = "None"; VariantName = "[No Variations]"
Add component (AddParameter): Name = "Price"; Value = "None"; VariantName = "[No Variations]"
Add component (AddParameter): Name = "SnapEDA_Link"; Value = "https://www.snapeda.com/parts/BOB-12009/SparkFun%20Electronics/view-part/551764/?ref=snap"; VariantName = "[No Variations]"
Add component (AddParameter): Name = "Value"; Value = ""; VariantName = "[No Variations]"
Added Pin To Net: NetName=D04 Pin=*1-12
Added Pin To Net: NetName=D03 Pin=*1-13
Added Pin To Net: NetName=D02 Pin=*1-14
Added Pin To Net: NetName=D01 Pin=*1-15
Added Pin To Net: NetName=5V Pin=P5-1
Added Pin To Net: NetName=5V Pin=P5-2
Added Pin To Net: NetName=5V Pin=P6-1
Added Pin To Net: NetName=5V Pin=P6-2
Added Pin To Net: NetName=3V3 Pin=P7-1
Added Pin To Net: NetName=GND Pin=P7-2
Added Pin To Net: NetName=3V3 Pin=P8-1
Added Pin To Net: NetName=GND Pin=P8-2
Added Pin To Net: NetName=3V3 Pin=P9-1
Added Pin To Net: NetName=GND Pin=P9-2
Added Pin To Net: NetName=3V3 Pin=P10-1
Added Pin To Net: NetName=GND Pin=P10-2
Added Pin To Net: NetName=GND Pin=U3-GND_1
Added Pin To Net: NetName=GND Pin=U3-GND_2
Added Pin To Net: NetName=5V Pin=U3-HV
Added Pin To Net: NetName=IN3_1 Pin=U3-LV1
Added Pin To Net: NetName=IN3_2 Pin=U3-LV2
Added Pin To Net: NetName=IN4_2 Pin=U3-LV3
Added Pin To Net: NetName=IN4_1 Pin=U3-LV4
Added Pin To Net: NetName=3V3 Pin=U3-LV
Added Pin To Net: NetName=GND Pin=U4-GND_1
Added Pin To Net: NetName=GND Pin=U4-GND_2
Added Pin To Net: NetName=5V Pin=U4-HV
Added Pin To Net: NetName=PWM4 Pin=U4-LV1
Added Pin To Net: NetName=PWM3 Pin=U4-LV2
Added Pin To Net: NetName=PWM2 Pin=U4-LV3
Added Pin To Net: NetName=PWM1 Pin=U4-LV4
Added Pin To Net: NetName=3V3 Pin=U4-LV
Added Pin To Net: NetName=GND Pin=U5-GND_1
Added Pin To Net: NetName=GND Pin=U5-GND_2
Added Pin To Net: NetName=5V Pin=U5-HV
Added Pin To Net: NetName=IN1_1 Pin=U5-LV1
Added Pin To Net: NetName=IN1_2 Pin=U5-LV2
Added Pin To Net: NetName=IN2_2 Pin=U5-LV3
Added Pin To Net: NetName=IN2_1 Pin=U5-LV4
Added Pin To Net: NetName=3V3 Pin=U5-LV
Added Pin To Net: NetName=IN1_1_Hv Pin=U5-HV1
Added Net: Name=IN1_1_Hv
Added Pin To Net: NetName=IN1_2_Hv Pin=U5-HV2
Added Net: Name=IN1_2_Hv
Added Pin To Net: NetName=IN2_1_Hv Pin=U5-HV4
Added Net: Name=IN2_1_Hv
Added Pin To Net: NetName=IN2_2_Hv Pin=U5-HV3
Added Net: Name=IN2_2_Hv
Added Pin To Net: NetName=IN3_1_Hv Pin=U3-HV1
Added Net: Name=IN3_1_Hv
Added Pin To Net: NetName=IN3_2_Hv Pin=U3-HV2
Added Net: Name=IN3_2_Hv
Added Pin To Net: NetName=IN4_1_Hv Pin=U3-HV4
Added Net: Name=IN4_1_Hv
Added Pin To Net: NetName=IN4_2_Hv Pin=U3-HV3
Added Net: Name=IN4_2_Hv
Added Pin To Net: NetName=PWM1_Hv Pin=U4-HV4
Added Net: Name=PWM1_Hv
Added Pin To Net: NetName=PWM2_Hv Pin=U4-HV3
Added Net: Name=PWM2_Hv
Added Pin To Net: NetName=PWM3_Hv Pin=U4-HV2
Added Net: Name=PWM3_Hv
Added Pin To Net: NetName=PWM4_Hv Pin=U4-HV1
Added Net: Name=PWM4_Hv
Added Pin To Net: NetName=SCL Pin=*1-28
Added Pin To Net: NetName=SCL Pin=P7-3
Added Pin To Net: NetName=SCL Pin=P8-3
Added Pin To Net: NetName=SCL Pin=P9-3
Added Pin To Net: NetName=SCL Pin=P10-3
Added Net: Name=SCL
Added Pin To Net: NetName=SDA Pin=*1-27
Added Pin To Net: NetName=SDA Pin=P7-4
Added Pin To Net: NetName=SDA Pin=P8-4
Added Pin To Net: NetName=SDA Pin=P9-4
Added Pin To Net: NetName=SDA Pin=P10-4
Added Net: Name=SDA
Added Member To Class: ClassName=Placa Base Blue Pill Member=Component P7 Header 4
Added Member To Class: ClassName=Placa Base Blue Pill Member=Component P8 Header 4
Added Member To Class: ClassName=Placa Base Blue Pill Member=Component P9 Header 4
Added Member To Class: ClassName=Placa Base Blue Pill Member=Component P10 Header 4
Added Member To Class: ClassName=Placa Base Blue Pill Member=Component U3 Conversor de nivel
Added Member To Class: ClassName=Placa Base Blue Pill Member=Component U4 Conversor de nivel
Added Member To Class: ClassName=Placa Base Blue Pill Member=Component U5 Conversor de nivel
Added Room: Name=Placa Base Blue Pill
