Removed Pin From Net: NetName=NetC3_2 Pin=J1-1
Removed Pin From Net: NetName=NetC3_1 Pin=J1-2
Removed Pin From Net: NetName=GND Pin=J1-3
Removed Pin From Net: NetName=5V Pin=J1-4
Removed Pin From Net: NetName=GND Pin=J1-5
Removed Pin From Net: NetName=NetC5_1 Pin=J1-6
Removed Pin From Net: NetName=NetC5_2 Pin=J1-7
Removed Pin From Net: NetName=NetC7_2 Pin=J1-8
Removed Pin From Net: NetName=NetC7_1 Pin=J1-9
Removed Pin From Net: NetName=GND Pin=J1-10
Removed Pin From Net: NetName=GND Pin=J1-11
Removed Pin From Net: NetName=GND Pin=J1-12
Removed Pin From Net: NetName=NetC9_1 Pin=J1-13
Removed Pin From Net: NetName=NetC9_2 Pin=J1-14
Removed Member From Class: ClassName=Placa Base Blue Pill Member=J1
Added Component: Designator=J?(DIP825W47P254L1917H533Q14)
Add component. Clean all parameters for all variants
Add component (AddParameter): Name = "Availability"; Value = "Unavailable"; VariantName = "[No Variations]"
Add component (AddParameter): Name = "MF"; Value = "{'manufacturer': u'Texas Instruments'}"; VariantName = "[No Variations]"
Add component (AddParameter): Name = "MP"; Value = "LM324N/NOPB"; VariantName = "[No Variations]"
Add component (AddParameter): Name = "Package"; Value = "None"; VariantName = "[No Variations]"
Add component (AddParameter): Name = "Price"; Value = "None"; VariantName = "[No Variations]"
Add component (AddParameter): Name = "Value"; Value = ""; VariantName = "[No Variations]"
Added Component: Designator=J?(DIP825W47P254L1917H533Q14)
Add component. Clean all parameters for all variants
Add component (AddParameter): Name = "Availability"; Value = "Unavailable"; VariantName = "[No Variations]"
Add component (AddParameter): Name = "MF"; Value = "{'manufacturer': u'Texas Instruments'}"; VariantName = "[No Variations]"
Add component (AddParameter): Name = "MP"; Value = "LM324N/NOPB"; VariantName = "[No Variations]"
Add component (AddParameter): Name = "Package"; Value = "None"; VariantName = "[No Variations]"
Add component (AddParameter): Name = "Price"; Value = "None"; VariantName = "[No Variations]"
Add component (AddParameter): Name = "Value"; Value = ""; VariantName = "[No Variations]"
Added Component: Designator=J?(DIP825W47P254L1917H533Q14)
Add component. Clean all parameters for all variants
Add component (AddParameter): Name = "Availability"; Value = "Unavailable"; VariantName = "[No Variations]"
Add component (AddParameter): Name = "MF"; Value = "{'manufacturer': u'Texas Instruments'}"; VariantName = "[No Variations]"
Add component (AddParameter): Name = "MP"; Value = "LM324N/NOPB"; VariantName = "[No Variations]"
Add component (AddParameter): Name = "Package"; Value = "None"; VariantName = "[No Variations]"
Add component (AddParameter): Name = "Price"; Value = "None"; VariantName = "[No Variations]"
Add component (AddParameter): Name = "Value"; Value = ""; VariantName = "[No Variations]"
Added Component: Designator=J?(DIP825W47P254L1917H533Q14)
Add component. Clean all parameters for all variants
Add component (AddParameter): Name = "Availability"; Value = "Unavailable"; VariantName = "[No Variations]"
Add component (AddParameter): Name = "MF"; Value = "{'manufacturer': u'Texas Instruments'}"; VariantName = "[No Variations]"
Add component (AddParameter): Name = "MP"; Value = "LM324N/NOPB"; VariantName = "[No Variations]"
Add component (AddParameter): Name = "Package"; Value = "None"; VariantName = "[No Variations]"
Add component (AddParameter): Name = "Price"; Value = "None"; VariantName = "[No Variations]"
Add component (AddParameter): Name = "Value"; Value = ""; VariantName = "[No Variations]"
Added Pin To Net: NetName=NetC5_2 Pin=J?-1
Added Pin To Net: NetName=NetC5_1 Pin=J?-2
Added Pin To Net: NetName=GND Pin=J?-3
Added Pin To Net: NetName=5V Pin=J?-4
Added Pin To Net: NetName=GND Pin=J?-5
Added Pin To Net: NetName=NetC3_1 Pin=J?-6
Added Pin To Net: NetName=NetC3_2 Pin=J?-7
Added Pin To Net: NetName=NetC9_2 Pin=J?-8
Added Pin To Net: NetName=NetC9_1 Pin=J?-9
Added Pin To Net: NetName=GND Pin=J?-10
Added Pin To Net: NetName=GND Pin=J?-11
Added Pin To Net: NetName=GND Pin=J?-12
Added Pin To Net: NetName=NetC7_1 Pin=J?-13
Added Pin To Net: NetName=NetC7_2 Pin=J?-14
Added Member To Class: ClassName=Placa Base Blue Pill Member=Component J? LM324N/NOPB
Added Member To Class: ClassName=Placa Base Blue Pill Member=Component J? LM324N/NOPB
Added Member To Class: ClassName=Placa Base Blue Pill Member=Component J? LM324N/NOPB
Added Member To Class: ClassName=Placa Base Blue Pill Member=Component J? LM324N/NOPB
Added Member To Class: ClassName=Placa Base Blue Pill Member=Component R3 1k
Added Room: Name=Placa Base Blue Pill
