Removed Pin From Net: NetName=D04 Pin=*1-28
Removed Pin From Net: NetName=D03 Pin=*1-29
Removed Pin From Net: NetName=D02 Pin=*1-30
Removed Pin From Net: NetName=D01 Pin=*1-31
Removed Pin From Net: NetName=GND Pin=C4-1
Removed Pin From Net: NetName=GND Pin=C6-1
Removed Pin From Net: NetName=GND Pin=C8-1
Removed Pin From Net: NetName=GND Pin=C10-1
Removed Pin From Net: NetName=GND Pin=J1-3
Removed Pin From Net: NetName=5V Pin=J1-4
Removed Pin From Net: NetName=GND Pin=J1-5
Removed Pin From Net: NetName=GND Pin=J1-10
Removed Pin From Net: NetName=GND Pin=J1-11
Removed Pin From Net: NetName=GND Pin=J1-12
Removed Pin From Net: NetName=GND Pin=P8-1
Removed Pin From Net: NetName=5V Pin=P8-2
Removed Pin From Net: NetName=GND Pin=P9-1
Removed Pin From Net: NetName=5V Pin=P9-2
Removed Pin From Net: NetName=GND Pin=P10-1
Removed Pin From Net: NetName=5V Pin=P10-2
Removed Pin From Net: NetName=GND Pin=P11-1
Removed Pin From Net: NetName=5V Pin=P11-2
Removed Member From Class: ClassName=Placa Base Blue Pill Member=C3
Removed Member From Class: ClassName=Placa Base Blue Pill Member=C4
Removed Member From Class: ClassName=Placa Base Blue Pill Member=C5
Removed Member From Class: ClassName=Placa Base Blue Pill Member=C6
Removed Member From Class: ClassName=Placa Base Blue Pill Member=C7
Removed Member From Class: ClassName=Placa Base Blue Pill Member=C8
Removed Member From Class: ClassName=Placa Base Blue Pill Member=C9
Removed Member From Class: ClassName=Placa Base Blue Pill Member=C10
Removed Member From Class: ClassName=Placa Base Blue Pill Member=J1
Removed Member From Class: ClassName=Placa Base Blue Pill Member=P8
Removed Member From Class: ClassName=Placa Base Blue Pill Member=P9
Removed Member From Class: ClassName=Placa Base Blue Pill Member=P10
Removed Member From Class: ClassName=Placa Base Blue Pill Member=P11
Removed Member From Class: ClassName=Placa Base Blue Pill Member=R1
Removed Member From Class: ClassName=Placa Base Blue Pill Member=R2
Removed Member From Class: ClassName=Placa Base Blue Pill Member=R3
Removed Member From Class: ClassName=Placa Base Blue Pill Member=R4
Removed Member From Class: ClassName=Placa Base Blue Pill Member=R5
Removed Member From Class: ClassName=Placa Base Blue Pill Member=R6
Removed Member From Class: ClassName=Placa Base Blue Pill Member=R7
Removed Member From Class: ClassName=Placa Base Blue Pill Member=R8
Removed Member From Class: ClassName=Placa Base Blue Pill Member=R9
Removed Member From Class: ClassName=Placa Base Blue Pill Member=R10
Removed Member From Class: ClassName=Placa Base Blue Pill Member=R11
Removed Member From Class: ClassName=Placa Base Blue Pill Member=R12
Added Room: Name=Placa Base Blue Pill
